<?xml version="1.0" encoding="UTF-8"?>
<!-- Generated by org.testng.reporters.JUnitXMLReporter -->
<testsuite ignored="18" hostname="parth-HP-245-G7-Notebook-PC" failures="2" tests="2" name="Member_client" time="7.731" errors="0" timestamp="2022-07-20T12:37:37 IST">
  <testcase classname="module.member_client" name="member" time="4.606">
    <failure type="org.openqa.selenium.ElementClickInterceptedException" message="element click intercepted: Element &amp;lt;button _ngcontent-aco-c162=&amp;quot;&amp;quot; type=&amp;quot;button&amp;quot; class=&amp;quot;btn dark-blue-btn&amp;quot;&amp;gt;...&amp;lt;/button&amp;gt; is not clickable at point (1212, 75). Other element would receive the click: &amp;lt;div role=&amp;quot;alertdialog&amp;quot; aria-live=&amp;quot;polite&amp;quot; class=&amp;quot;ng-tns-c12-2 toast-message ng-star-inserted&amp;quot; aria-label=&amp;quot;User is already member of company&amp;quot; style=&amp;quot;&amp;quot;&amp;gt;...&amp;lt;/div&amp;gt;
  (Session info: chrome=103.0.5060.114)
Build info: version: &amp;apos;4.1.4&amp;apos;, revision: &amp;apos;535d840ee2&amp;apos;
System info: host: &amp;apos;parth-HP-245-G7-Notebook-PC&amp;apos;, ip: &amp;apos;127.0.1.1&amp;apos;, os.name: &amp;apos;Linux&amp;apos;, os.arch: &amp;apos;amd64&amp;apos;, os.version: &amp;apos;5.15.0-41-generic&amp;apos;, java.version: &amp;apos;17.0.3&amp;apos;
Driver info: org.openqa.selenium.chrome.ChromeDriver
Command: [9fba2935b9b4531202ac860e0a47d945, clickElement {id=244ffcb5-9ed9-4dda-a059-9eb72bd272a2}]
Capabilities {acceptInsecureCerts: false, browserName: chrome, browserVersion: 103.0.5060.114, chrome: {chromedriverVersion: 103.0.5060.53 (a1711811edd7..., userDataDir: /tmp/.com.google.Chrome.xakJXM}, goog:chromeOptions: {debuggerAddress: localhost:40579}, javascriptEnabled: true, networkConnectionEnabled: false, pageLoadStrategy: normal, platform: LINUX, platformName: LINUX, proxy: Proxy(), se:cdp: ws://localhost:40579/devtoo..., se:cdpVersion: 103.0.5060.114, setWindowRect: true, strictFileInteractability: false, timeouts: {implicit: 0, pageLoad: 300000, script: 30000}, unhandledPromptBehavior: dismiss and notify, webauthn:extension:credBlob: true, webauthn:extension:largeBlob: true, webauthn:virtualAuthenticators: true}
Element: [[ChromeDriver: chrome on LINUX (9fba2935b9b4531202ac860e0a47d945)] -&amp;gt; xpath: //button[contains(text(),&amp;apos;Add New Member&amp;apos;)]]
Session ID: 9fba2935b9b4531202ac860e0a47d945">
      <![CDATA[org.openqa.selenium.ElementClickInterceptedException: element click intercepted: Element <button _ngcontent-aco-c162="" type="button" class="btn dark-blue-btn">...</button> is not clickable at point (1212, 75). Other element would receive the click: <div role="alertdialog" aria-live="polite" class="ng-tns-c12-2 toast-message ng-star-inserted" aria-label="User is already member of company" style="">...</div>
  (Session info: chrome=103.0.5060.114)
Build info: version: '4.1.4', revision: '535d840ee2'
System info: host: 'parth-HP-245-G7-Notebook-PC', ip: '127.0.1.1', os.name: 'Linux', os.arch: 'amd64', os.version: '5.15.0-41-generic', java.version: '17.0.3'
Driver info: org.openqa.selenium.chrome.ChromeDriver
Command: [9fba2935b9b4531202ac860e0a47d945, clickElement {id=244ffcb5-9ed9-4dda-a059-9eb72bd272a2}]
Capabilities {acceptInsecureCerts: false, browserName: chrome, browserVersion: 103.0.5060.114, chrome: {chromedriverVersion: 103.0.5060.53 (a1711811edd7..., userDataDir: /tmp/.com.google.Chrome.xakJXM}, goog:chromeOptions: {debuggerAddress: localhost:40579}, javascriptEnabled: true, networkConnectionEnabled: false, pageLoadStrategy: normal, platform: LINUX, platformName: LINUX, proxy: Proxy(), se:cdp: ws://localhost:40579/devtoo..., se:cdpVersion: 103.0.5060.114, setWindowRect: true, strictFileInteractability: false, timeouts: {implicit: 0, pageLoad: 300000, script: 30000}, unhandledPromptBehavior: dismiss and notify, webauthn:extension:credBlob: true, webauthn:extension:largeBlob: true, webauthn:virtualAuthenticators: true}
Element: [[ChromeDriver: chrome on LINUX (9fba2935b9b4531202ac860e0a47d945)] -> xpath: //button[contains(text(),'Add New Member')]]
Session ID: 9fba2935b9b4531202ac860e0a47d945
at java.base/jdk.internal.reflect.NativeConstructorAccessorImpl.newInstance0(Native Method)
at java.base/jdk.internal.reflect.NativeConstructorAccessorImpl.newInstance(NativeConstructorAccessorImpl.java:77)
at java.base/jdk.internal.reflect.DelegatingConstructorAccessorImpl.newInstance(DelegatingConstructorAccessorImpl.java:45)
at java.base/java.lang.reflect.Constructor.newInstanceWithCaller(Constructor.java:499)
at java.base/java.lang.reflect.Constructor.newInstance(Constructor.java:480)
at org.openqa.selenium.remote.codec.w3c.W3CHttpResponseCodec.createException(W3CHttpResponseCodec.java:200)
at org.openqa.selenium.remote.codec.w3c.W3CHttpResponseCodec.decode(W3CHttpResponseCodec.java:133)
at org.openqa.selenium.remote.codec.w3c.W3CHttpResponseCodec.decode(W3CHttpResponseCodec.java:53)
at org.openqa.selenium.remote.HttpCommandExecutor.execute(HttpCommandExecutor.java:184)
at org.openqa.selenium.remote.service.DriverCommandExecutor.invokeExecute(DriverCommandExecutor.java:167)
at org.openqa.selenium.remote.service.DriverCommandExecutor.execute(DriverCommandExecutor.java:142)
at org.openqa.selenium.remote.RemoteWebDriver.execute(RemoteWebDriver.java:567)
at org.openqa.selenium.remote.RemoteWebElement.execute(RemoteWebElement.java:251)
at org.openqa.selenium.remote.RemoteWebElement.click(RemoteWebElement.java:77)
at module.member_client.member(member_client.java:39)
at java.base/jdk.internal.reflect.NativeMethodAccessorImpl.invoke0(Native Method)
at java.base/jdk.internal.reflect.NativeMethodAccessorImpl.invoke(NativeMethodAccessorImpl.java:77)
at java.base/jdk.internal.reflect.DelegatingMethodAccessorImpl.invoke(DelegatingMethodAccessorImpl.java:43)
at java.base/java.lang.reflect.Method.invoke(Method.java:568)
at org.testng.internal.MethodInvocationHelper.invokeMethod(MethodInvocationHelper.java:133)
at org.testng.internal.TestInvoker.invokeMethod(TestInvoker.java:598)
at org.testng.internal.TestInvoker.invokeTestMethod(TestInvoker.java:173)
at org.testng.internal.MethodRunner.runInSequence(MethodRunner.java:46)
at org.testng.internal.TestInvoker$MethodInvocationAgent.invoke(TestInvoker.java:824)
at org.testng.internal.TestInvoker.invokeTestMethods(TestInvoker.java:146)
at org.testng.internal.TestMethodWorker.invokeTestMethods(TestMethodWorker.java:146)
at org.testng.internal.TestMethodWorker.run(TestMethodWorker.java:128)
at java.base/java.util.ArrayList.forEach(ArrayList.java:1511)
at org.testng.TestRunner.privateRun(TestRunner.java:794)
at org.testng.TestRunner.run(TestRunner.java:596)
at org.testng.SuiteRunner.runTest(SuiteRunner.java:377)
at org.testng.SuiteRunner.runSequentially(SuiteRunner.java:371)
at org.testng.SuiteRunner.privateRun(SuiteRunner.java:332)
at org.testng.SuiteRunner.run(SuiteRunner.java:276)
at org.testng.SuiteRunnerWorker.runSuite(SuiteRunnerWorker.java:53)
at org.testng.SuiteRunnerWorker.run(SuiteRunnerWorker.java:96)
at org.testng.TestNG.runSuitesSequentially(TestNG.java:1212)
at org.testng.TestNG.runSuitesLocally(TestNG.java:1134)
at org.testng.TestNG.runSuites(TestNG.java:1063)
at org.testng.TestNG.run(TestNG.java:1031)
at org.testng.remote.AbstractRemoteTestNG.run(AbstractRemoteTestNG.java:115)
at org.testng.remote.RemoteTestNG.initAndRun(RemoteTestNG.java:251)
at org.testng.remote.RemoteTestNG.main(RemoteTestNG.java:77)
]]>
    </failure>
  </testcase> <!-- member -->
  <testcase classname="module.member_client" name="client" time="3.104">
    <failure type="org.openqa.selenium.ElementClickInterceptedException" message="element click intercepted: Element &amp;lt;a _ngcontent-aco-c165=&amp;quot;&amp;quot; id=&amp;quot;manage-clients&amp;quot; data-toggle=&amp;quot;pill&amp;quot; role=&amp;quot;tab&amp;quot; aria-controls=&amp;quot;custom-content-below-profile&amp;quot; aria-selected=&amp;quot;false&amp;quot; class=&amp;quot;nav-link&amp;quot; href=&amp;quot;/146/company/detail/146/clients&amp;quot;&amp;gt;...&amp;lt;/a&amp;gt; is not clickable at point (531, 78). Other element would receive the click: &amp;lt;div _ngcontent-aco-c171=&amp;quot;&amp;quot; class=&amp;quot;modal-header text-center&amp;quot;&amp;gt;...&amp;lt;/div&amp;gt;
  (Session info: chrome=103.0.5060.114)
Build info: version: &amp;apos;4.1.4&amp;apos;, revision: &amp;apos;535d840ee2&amp;apos;
System info: host: &amp;apos;parth-HP-245-G7-Notebook-PC&amp;apos;, ip: &amp;apos;127.0.1.1&amp;apos;, os.name: &amp;apos;Linux&amp;apos;, os.arch: &amp;apos;amd64&amp;apos;, os.version: &amp;apos;5.15.0-41-generic&amp;apos;, java.version: &amp;apos;17.0.3&amp;apos;
Driver info: org.openqa.selenium.chrome.ChromeDriver
Command: [9fba2935b9b4531202ac860e0a47d945, clickElement {id=60c458aa-a2cf-48ab-8332-0ffdf86e93fe}]
Capabilities {acceptInsecureCerts: false, browserName: chrome, browserVersion: 103.0.5060.114, chrome: {chromedriverVersion: 103.0.5060.53 (a1711811edd7..., userDataDir: /tmp/.com.google.Chrome.xakJXM}, goog:chromeOptions: {debuggerAddress: localhost:40579}, javascriptEnabled: true, networkConnectionEnabled: false, pageLoadStrategy: normal, platform: LINUX, platformName: LINUX, proxy: Proxy(), se:cdp: ws://localhost:40579/devtoo..., se:cdpVersion: 103.0.5060.114, setWindowRect: true, strictFileInteractability: false, timeouts: {implicit: 0, pageLoad: 300000, script: 30000}, unhandledPromptBehavior: dismiss and notify, webauthn:extension:credBlob: true, webauthn:extension:largeBlob: true, webauthn:virtualAuthenticators: true}
Element: [[ChromeDriver: chrome on LINUX (9fba2935b9b4531202ac860e0a47d945)] -&amp;gt; xpath: //li[@class=&amp;apos;nav-item ng-star-inserted&amp;apos;]//a[@id=&amp;apos;manage-clients&amp;apos;]]
Session ID: 9fba2935b9b4531202ac860e0a47d945">
      <![CDATA[org.openqa.selenium.ElementClickInterceptedException: element click intercepted: Element <a _ngcontent-aco-c165="" id="manage-clients" data-toggle="pill" role="tab" aria-controls="custom-content-below-profile" aria-selected="false" class="nav-link" href="/146/company/detail/146/clients">...</a> is not clickable at point (531, 78). Other element would receive the click: <div _ngcontent-aco-c171="" class="modal-header text-center">...</div>
  (Session info: chrome=103.0.5060.114)
Build info: version: '4.1.4', revision: '535d840ee2'
System info: host: 'parth-HP-245-G7-Notebook-PC', ip: '127.0.1.1', os.name: 'Linux', os.arch: 'amd64', os.version: '5.15.0-41-generic', java.version: '17.0.3'
Driver info: org.openqa.selenium.chrome.ChromeDriver
Command: [9fba2935b9b4531202ac860e0a47d945, clickElement {id=60c458aa-a2cf-48ab-8332-0ffdf86e93fe}]
Capabilities {acceptInsecureCerts: false, browserName: chrome, browserVersion: 103.0.5060.114, chrome: {chromedriverVersion: 103.0.5060.53 (a1711811edd7..., userDataDir: /tmp/.com.google.Chrome.xakJXM}, goog:chromeOptions: {debuggerAddress: localhost:40579}, javascriptEnabled: true, networkConnectionEnabled: false, pageLoadStrategy: normal, platform: LINUX, platformName: LINUX, proxy: Proxy(), se:cdp: ws://localhost:40579/devtoo..., se:cdpVersion: 103.0.5060.114, setWindowRect: true, strictFileInteractability: false, timeouts: {implicit: 0, pageLoad: 300000, script: 30000}, unhandledPromptBehavior: dismiss and notify, webauthn:extension:credBlob: true, webauthn:extension:largeBlob: true, webauthn:virtualAuthenticators: true}
Element: [[ChromeDriver: chrome on LINUX (9fba2935b9b4531202ac860e0a47d945)] -> xpath: //li[@class='nav-item ng-star-inserted']//a[@id='manage-clients']]
Session ID: 9fba2935b9b4531202ac860e0a47d945
at java.base/jdk.internal.reflect.NativeConstructorAccessorImpl.newInstance0(Native Method)
at java.base/jdk.internal.reflect.NativeConstructorAccessorImpl.newInstance(NativeConstructorAccessorImpl.java:77)
at java.base/jdk.internal.reflect.DelegatingConstructorAccessorImpl.newInstance(DelegatingConstructorAccessorImpl.java:45)
at java.base/java.lang.reflect.Constructor.newInstanceWithCaller(Constructor.java:499)
at java.base/java.lang.reflect.Constructor.newInstance(Constructor.java:480)
at org.openqa.selenium.remote.codec.w3c.W3CHttpResponseCodec.createException(W3CHttpResponseCodec.java:200)
at org.openqa.selenium.remote.codec.w3c.W3CHttpResponseCodec.decode(W3CHttpResponseCodec.java:133)
at org.openqa.selenium.remote.codec.w3c.W3CHttpResponseCodec.decode(W3CHttpResponseCodec.java:53)
at org.openqa.selenium.remote.HttpCommandExecutor.execute(HttpCommandExecutor.java:184)
at org.openqa.selenium.remote.service.DriverCommandExecutor.invokeExecute(DriverCommandExecutor.java:167)
at org.openqa.selenium.remote.service.DriverCommandExecutor.execute(DriverCommandExecutor.java:142)
at org.openqa.selenium.remote.RemoteWebDriver.execute(RemoteWebDriver.java:567)
at org.openqa.selenium.remote.RemoteWebElement.execute(RemoteWebElement.java:251)
at org.openqa.selenium.remote.RemoteWebElement.click(RemoteWebElement.java:77)
at module.member_client.client(member_client.java:118)
at java.base/jdk.internal.reflect.NativeMethodAccessorImpl.invoke0(Native Method)
at java.base/jdk.internal.reflect.NativeMethodAccessorImpl.invoke(NativeMethodAccessorImpl.java:77)
at java.base/jdk.internal.reflect.DelegatingMethodAccessorImpl.invoke(DelegatingMethodAccessorImpl.java:43)
at java.base/java.lang.reflect.Method.invoke(Method.java:568)
at org.testng.internal.MethodInvocationHelper.invokeMethod(MethodInvocationHelper.java:133)
at org.testng.internal.TestInvoker.invokeMethod(TestInvoker.java:598)
at org.testng.internal.TestInvoker.invokeTestMethod(TestInvoker.java:173)
at org.testng.internal.MethodRunner.runInSequence(MethodRunner.java:46)
at org.testng.internal.TestInvoker$MethodInvocationAgent.invoke(TestInvoker.java:824)
at org.testng.internal.TestInvoker.invokeTestMethods(TestInvoker.java:146)
at org.testng.internal.TestMethodWorker.invokeTestMethods(TestMethodWorker.java:146)
at org.testng.internal.TestMethodWorker.run(TestMethodWorker.java:128)
at java.base/java.util.ArrayList.forEach(ArrayList.java:1511)
at org.testng.TestRunner.privateRun(TestRunner.java:794)
at org.testng.TestRunner.run(TestRunner.java:596)
at org.testng.SuiteRunner.runTest(SuiteRunner.java:377)
at org.testng.SuiteRunner.runSequentially(SuiteRunner.java:371)
at org.testng.SuiteRunner.privateRun(SuiteRunner.java:332)
at org.testng.SuiteRunner.run(SuiteRunner.java:276)
at org.testng.SuiteRunnerWorker.runSuite(SuiteRunnerWorker.java:53)
at org.testng.SuiteRunnerWorker.run(SuiteRunnerWorker.java:96)
at org.testng.TestNG.runSuitesSequentially(TestNG.java:1212)
at org.testng.TestNG.runSuitesLocally(TestNG.java:1134)
at org.testng.TestNG.runSuites(TestNG.java:1063)
at org.testng.TestNG.run(TestNG.java:1031)
at org.testng.remote.AbstractRemoteTestNG.run(AbstractRemoteTestNG.java:115)
at org.testng.remote.RemoteTestNG.initAndRun(RemoteTestNG.java:251)
at org.testng.remote.RemoteTestNG.main(RemoteTestNG.java:77)
]]>
    </failure>
  </testcase> <!-- client -->
  <testcase classname="module.profile" name="profile_icon" time="0.0">
    <ignored/>
  </testcase> <!-- profile_icon -->
  <testcase classname="module.organization_management" name="manage_status" time="0.0">
    <ignored/>
  </testcase> <!-- manage_status -->
  <testcase classname="module.organization_management" name="delete_member" time="0.0">
    <ignored/>
  </testcase> <!-- delete_member -->
  <testcase classname="module.organization_management" name="manage_role" time="0.0">
    <ignored/>
  </testcase> <!-- manage_role -->
  <testcase classname="module.profile" name="edit_profile" time="0.0">
    <ignored/>
  </testcase> <!-- edit_profile -->
  <testcase classname="module.organization_management" name="manage_services" time="0.0">
    <ignored/>
  </testcase> <!-- manage_services -->
  <testcase classname="module.organization_management" name="manage_member" time="0.0">
    <ignored/>
  </testcase> <!-- manage_member -->
  <testcase classname="module.organization_management" name="manage_clients" time="0.0">
    <ignored/>
  </testcase> <!-- manage_clients -->
  <testcase classname="module.organization_management" name="delete_clients" time="0.0">
    <ignored/>
  </testcase> <!-- delete_clients -->
  <testcase classname="module.organization_management" name="delete_services" time="0.0">
    <ignored/>
  </testcase> <!-- delete_services -->
  <testcase classname="module.login" name="launchApp" time="0.0">
    <ignored/>
  </testcase> <!-- launchApp -->
  <testcase classname="module.profile" name="edit_billing" time="0.0">
    <ignored/>
  </testcase> <!-- edit_billing -->
  <testcase classname="module.organization_management" name="new_company" time="0.0">
    <ignored/>
  </testcase> <!-- new_company -->
  <testcase classname="module.Tasks" name="task" time="0.0">
    <ignored/>
  </testcase> <!-- task -->
  <testcase classname="module.profile" name="scroll_element" time="0.0">
    <ignored/>
  </testcase> <!-- scroll_element -->
  <testcase classname="module.organization_management" name="Om" time="0.0">
    <ignored/>
  </testcase> <!-- Om -->
  <testcase classname="module.profile" name="change_password" time="0.0">
    <ignored/>
  </testcase> <!-- change_password -->
  <testcase classname="module.profile" name="password_negative" time="0.0">
    <ignored/>
  </testcase> <!-- password_negative -->
</testsuite> <!-- Member_client -->
